Performing C SOURCE FILE Test CMAKE_HAVE_LIBC_PTHREAD failed with the following output:
Change Dir: /home/vincent/git/space-robotic/path_planner-2/path_planner/build/CMakeFiles/CMakeTmp

Run Build Command(s):/usr/bin/make cmTC_44d17/fast && /usr/bin/make -f CMakeFiles/cmTC_44d17.dir/build.make CMakeFiles/cmTC_44d17.dir/build
make[1]: Entering directory '/home/vincent/git/space-robotic/path_planner-2/path_planner/build/CMakeFiles/CMakeTmp'
Building C object CMakeFiles/cmTC_44d17.dir/src.c.o
/usr/bin/cc   -DCMAKE_HAVE_LIBC_PTHREAD   -o CMakeFiles/cmTC_44d17.dir/src.c.o   -c /home/vincent/git/space-robotic/path_planner-2/path_planner/build/CMakeFiles/CMakeTmp/src.c
Linking C executable cmTC_44d17
/usr/bin/cmake -E cmake_link_script CMakeFiles/cmTC_44d17.dir/link.txt --verbose=1
/usr/bin/cc  -DCMAKE_HAVE_LIBC_PTHREAD    -rdynamic CMakeFiles/cmTC_44d17.dir/src.c.o  -o cmTC_44d17 
/usr/bin/ld: CMakeFiles/cmTC_44d17.dir/src.c.o: in function `main':
src.c:(.text+0x46): undefined reference to `pthread_create'
/usr/bin/ld: src.c:(.text+0x52): undefined reference to `pthread_detach'
/usr/bin/ld: src.c:(.text+0x63): undefined reference to `pthread_join'
collect2: error: ld returned 1 exit status
make[1]: *** [CMakeFiles/cmTC_44d17.dir/build.make:87: cmTC_44d17] Error 1
make[1]: Leaving directory '/home/vincent/git/space-robotic/path_planner-2/path_planner/build/CMakeFiles/CMakeTmp'
make: *** [Makefile:121: cmTC_44d17/fast] Error 2


Source file was:
#include <pthread.h>

void* test_func(void* data)
{
  return data;
}

int main(void)
{
  pthread_t thread;
  pthread_create(&thread, NULL, test_func, NULL);
  pthread_detach(thread);
  pthread_join(thread, NULL);
  pthread_atfork(NULL, NULL, NULL);
  pthread_exit(NULL);

  return 0;
}

Determining if the function pthread_create exists in the pthreads failed with the following output:
Change Dir: /home/vincent/git/space-robotic/path_planner-2/path_planner/build/CMakeFiles/CMakeTmp

Run Build Command(s):/usr/bin/make cmTC_61b11/fast && /usr/bin/make -f CMakeFiles/cmTC_61b11.dir/build.make CMakeFiles/cmTC_61b11.dir/build
make[1]: Entering directory '/home/vincent/git/space-robotic/path_planner-2/path_planner/build/CMakeFiles/CMakeTmp'
Building C object CMakeFiles/cmTC_61b11.dir/CheckFunctionExists.c.o
/usr/bin/cc   -DCHECK_FUNCTION_EXISTS=pthread_create   -o CMakeFiles/cmTC_61b11.dir/CheckFunctionExists.c.o   -c /usr/share/cmake-3.16/Modules/CheckFunctionExists.c
Linking C executable cmTC_61b11
/usr/bin/cmake -E cmake_link_script CMakeFiles/cmTC_61b11.dir/link.txt --verbose=1
/usr/bin/cc  -DCHECK_FUNCTION_EXISTS=pthread_create    -rdynamic CMakeFiles/cmTC_61b11.dir/CheckFunctionExists.c.o  -o cmTC_61b11  -lpthreads 
/usr/bin/ld: cannot find -lpthreads
collect2: error: ld returned 1 exit status
make[1]: *** [CMakeFiles/cmTC_61b11.dir/build.make:87: cmTC_61b11] Error 1
make[1]: Leaving directory '/home/vincent/git/space-robotic/path_planner-2/path_planner/build/CMakeFiles/CMakeTmp'
make: *** [Makefile:121: cmTC_61b11/fast] Error 2



Performing C SOURCE FILE Test CMAKE_HAVE_LIBC_PTHREAD failed with the following output:
Change Dir: /home/vincent/git/space-robotic/path_planner-2/path_planner/build/CMakeFiles/CMakeTmp

Run Build Command(s):/usr/bin/make cmTC_43054/fast && /usr/bin/make -f CMakeFiles/cmTC_43054.dir/build.make CMakeFiles/cmTC_43054.dir/build
make[1]: Entering directory '/home/vincent/git/space-robotic/path_planner-2/path_planner/build/CMakeFiles/CMakeTmp'
Building C object CMakeFiles/cmTC_43054.dir/src.c.o
/usr/bin/cc   -DCMAKE_HAVE_LIBC_PTHREAD   -o CMakeFiles/cmTC_43054.dir/src.c.o   -c /home/vincent/git/space-robotic/path_planner-2/path_planner/build/CMakeFiles/CMakeTmp/src.c
Linking C executable cmTC_43054
/usr/bin/cmake -E cmake_link_script CMakeFiles/cmTC_43054.dir/link.txt --verbose=1
/usr/bin/cc  -DCMAKE_HAVE_LIBC_PTHREAD    -rdynamic CMakeFiles/cmTC_43054.dir/src.c.o  -o cmTC_43054 
/usr/bin/ld: CMakeFiles/cmTC_43054.dir/src.c.o: in function `main':
src.c:(.text+0x46): undefined reference to `pthread_create'
/usr/bin/ld: src.c:(.text+0x52): undefined reference to `pthread_detach'
/usr/bin/ld: src.c:(.text+0x63): undefined reference to `pthread_join'
collect2: error: ld returned 1 exit status
make[1]: *** [CMakeFiles/cmTC_43054.dir/build.make:87: cmTC_43054] Error 1
make[1]: Leaving directory '/home/vincent/git/space-robotic/path_planner-2/path_planner/build/CMakeFiles/CMakeTmp'
make: *** [Makefile:121: cmTC_43054/fast] Error 2


Source file was:
#include <pthread.h>

void* test_func(void* data)
{
  return data;
}

int main(void)
{
  pthread_t thread;
  pthread_create(&thread, NULL, test_func, NULL);
  pthread_detach(thread);
  pthread_join(thread, NULL);
  pthread_atfork(NULL, NULL, NULL);
  pthread_exit(NULL);

  return 0;
}

Determining if the function pthread_create exists in the pthreads failed with the following output:
Change Dir: /home/vincent/git/space-robotic/path_planner-2/path_planner/build/CMakeFiles/CMakeTmp

Run Build Command(s):/usr/bin/make cmTC_405c2/fast && /usr/bin/make -f CMakeFiles/cmTC_405c2.dir/build.make CMakeFiles/cmTC_405c2.dir/build
make[1]: Entering directory '/home/vincent/git/space-robotic/path_planner-2/path_planner/build/CMakeFiles/CMakeTmp'
Building C object CMakeFiles/cmTC_405c2.dir/CheckFunctionExists.c.o
/usr/bin/cc   -DCHECK_FUNCTION_EXISTS=pthread_create   -o CMakeFiles/cmTC_405c2.dir/CheckFunctionExists.c.o   -c /usr/share/cmake-3.16/Modules/CheckFunctionExists.c
Linking C executable cmTC_405c2
/usr/bin/cmake -E cmake_link_script CMakeFiles/cmTC_405c2.dir/link.txt --verbose=1
/usr/bin/cc  -DCHECK_FUNCTION_EXISTS=pthread_create    -rdynamic CMakeFiles/cmTC_405c2.dir/CheckFunctionExists.c.o  -o cmTC_405c2  -lpthreads 
/usr/bin/ld: cannot find -lpthreads
collect2: error: ld returned 1 exit status
make[1]: *** [CMakeFiles/cmTC_405c2.dir/build.make:87: cmTC_405c2] Error 1
make[1]: Leaving directory '/home/vincent/git/space-robotic/path_planner-2/path_planner/build/CMakeFiles/CMakeTmp'
make: *** [Makefile:121: cmTC_405c2/fast] Error 2



